TN:
SF:server/controllers/activity.controller.js
FN:7,(anonymous_0)
FN:91,startActivitySessionWithGemini
FN:140,createActivityWithGemini
FN:186,startActivitySession
FN:213,updateActivitySession
FN:229,endActivitySession
FN:247,(anonymous_6)
FN:292,(anonymous_7)
FN:399,(anonymous_8)
FN:483,(anonymous_9)
FN:484,(anonymous_10)
FN:488,(anonymous_11)
FN:489,(anonymous_12)
FN:511,(anonymous_13)
FN:527,(anonymous_14)
FN:565,(anonymous_15)
FNF:16
FNH:10
FNDA:3,(anonymous_0)
FNDA:0,startActivitySessionWithGemini
FNDA:2,createActivityWithGemini
FNDA:0,startActivitySession
FNDA:0,updateActivitySession
FNDA:0,endActivitySession
FNDA:2,(anonymous_6)
FNDA:1,(anonymous_7)
FNDA:1,(anonymous_8)
FNDA:3,(anonymous_9)
FNDA:0,(anonymous_10)
FNDA:3,(anonymous_11)
FNDA:0,(anonymous_12)
FNDA:1,(anonymous_13)
FNDA:1,(anonymous_14)
FNDA:2,(anonymous_15)
DA:7,1
DA:8,3
DA:18,3
DA:20,3
DA:21,0
DA:24,3
DA:25,1
DA:28,2
DA:29,0
DA:32,2
DA:33,0
DA:36,2
DA:37,2
DA:38,2
DA:39,2
DA:40,0
DA:44,2
DA:46,0
DA:55,0
DA:58,0
DA:59,0
DA:62,0
DA:63,0
DA:66,2
DA:77,2
DA:82,0
DA:83,0
DA:100,0
DA:101,0
DA:103,0
DA:104,0
DA:105,0
DA:107,0
DA:108,0
DA:117,0
DA:135,0
DA:137,0
DA:141,2
DA:142,2
DA:144,2
DA:145,2
DA:146,2
DA:148,0
DA:149,0
DA:158,2
DA:159,2
DA:161,2
DA:181,2
DA:183,2
DA:195,0
DA:208,0
DA:210,0
DA:214,0
DA:222,0
DA:223,0
DA:226,0
DA:230,0
DA:240,0
DA:241,0
DA:244,0
DA:247,1
DA:248,2
DA:249,2
DA:250,2
DA:252,2
DA:256,2
DA:257,1
DA:258,1
DA:259,1
DA:262,2
DA:276,2
DA:278,2
DA:284,0
DA:285,0
DA:292,1
DA:293,1
DA:294,1
DA:295,1
DA:297,1
DA:302,1
DA:303,0
DA:304,0
DA:305,0
DA:309,1
DA:336,1
DA:340,1
DA:342,0
DA:343,0
DA:345,0
DA:346,0
DA:348,0
DA:349,0
DA:351,1
DA:354,1
DA:380,1
DA:382,1
DA:391,0
DA:392,0
DA:399,1
DA:400,1
DA:401,1
DA:402,1
DA:404,1
DA:405,1
DA:407,1
DA:414,1
DA:447,1
DA:461,1
DA:475,1
DA:482,1
DA:483,3
DA:484,0
DA:487,1
DA:488,3
DA:489,0
DA:492,1
DA:503,0
DA:504,0
DA:511,1
DA:512,1
DA:513,1
DA:514,1
DA:519,0
DA:520,0
DA:527,1
DA:528,1
DA:529,1
DA:530,1
DA:532,1
DA:533,1
DA:536,1
DA:542,1
DA:544,1
DA:545,2
DA:546,2
DA:552,2
DA:554,2
DA:562,2
DA:565,2
DA:567,0
DA:571,1
DA:578,0
DA:579,0
LF:143
LH:86
BRDA:20,0,0,0
BRDA:20,0,1,3
BRDA:20,1,0,3
BRDA:20,1,1,3
BRDA:24,2,0,1
BRDA:24,2,1,2
BRDA:28,3,0,0
BRDA:28,3,1,2
BRDA:28,4,0,2
BRDA:28,4,1,0
BRDA:32,5,0,0
BRDA:32,5,1,2
BRDA:32,6,0,2
BRDA:32,6,1,0
BRDA:32,6,2,0
BRDA:37,7,0,2
BRDA:37,7,1,0
BRDA:39,8,0,0
BRDA:39,8,1,2
BRDA:44,9,0,0
BRDA:44,9,1,0
BRDA:44,9,2,0
BRDA:44,9,3,2
BRDA:86,10,0,0
BRDA:86,10,1,0
BRDA:120,11,0,0
BRDA:120,11,1,0
BRDA:121,12,0,0
BRDA:121,12,1,0
BRDA:121,13,0,0
BRDA:121,13,1,0
BRDA:124,14,0,0
BRDA:124,14,1,0
BRDA:125,15,0,0
BRDA:125,15,1,0
BRDA:166,16,0,2
BRDA:166,16,1,0
BRDA:168,17,0,2
BRDA:168,17,1,0
BRDA:171,18,0,2
BRDA:171,18,1,0
BRDA:198,19,0,0
BRDA:198,19,1,0
BRDA:199,20,0,0
BRDA:199,20,1,0
BRDA:199,21,0,0
BRDA:199,21,1,0
BRDA:202,22,0,0
BRDA:202,22,1,0
BRDA:203,23,0,0
BRDA:203,23,1,0
BRDA:217,24,0,0
BRDA:217,24,1,0
BRDA:222,25,0,0
BRDA:222,25,1,0
BRDA:233,26,0,0
BRDA:233,26,1,0
BRDA:234,27,0,0
BRDA:234,27,1,0
BRDA:240,28,0,0
BRDA:240,28,1,0
BRDA:250,29,0,2
BRDA:256,30,0,1
BRDA:256,30,1,1
BRDA:256,31,0,2
BRDA:256,31,1,1
BRDA:258,32,0,1
BRDA:258,32,1,0
BRDA:259,33,0,1
BRDA:259,33,1,0
BRDA:266,34,0,0
BRDA:266,34,1,2
BRDA:295,35,0,1
BRDA:302,36,0,0
BRDA:302,36,1,1
BRDA:302,37,0,1
BRDA:302,37,1,1
BRDA:304,38,0,0
BRDA:304,38,1,0
BRDA:305,39,0,0
BRDA:305,39,1,0
BRDA:340,40,0,0
BRDA:340,40,1,0
BRDA:340,40,2,0
BRDA:340,40,3,1
BRDA:402,41,0,1
BRDA:495,42,0,1
BRDA:495,42,1,0
BRDA:530,43,0,1
BRF:89
BRH:31
end_of_record
TN:
SF:server/controllers/auth.controller.js
FN:8,(anonymous_0)
FN:20,(anonymous_1)
FN:41,(anonymous_2)
FN:45,(anonymous_3)
FN:69,(anonymous_4)
FN:104,(anonymous_5)
FN:128,(anonymous_6)
FN:129,(anonymous_7)
FN:144,(anonymous_8)
FN:169,(anonymous_9)
FN:228,(anonymous_10)
FNF:11
FNH:8
FNDA:14,(anonymous_0)
FNDA:0,(anonymous_1)
FNDA:0,(anonymous_2)
FNDA:3,(anonymous_3)
FNDA:5,(anonymous_4)
FNDA:3,(anonymous_5)
FNDA:1,(anonymous_6)
FNDA:0,(anonymous_7)
FNDA:3,(anonymous_8)
FNDA:7,(anonymous_9)
FNDA:17,(anonymous_10)
DA:6,2
DA:8,2
DA:9,14
DA:20,2
DA:21,0
DA:22,0
DA:23,0
DA:29,0
DA:31,0
DA:32,0
DA:34,0
DA:36,0
DA:37,0
DA:41,2
DA:42,0
DA:45,2
DA:46,3
DA:47,3
DA:49,3
DA:50,1
DA:56,2
DA:61,0
DA:62,0
DA:69,2
DA:70,5
DA:71,5
DA:73,5
DA:74,5
DA:75,5
DA:76,5
DA:78,5
DA:84,5
DA:85,1
DA:91,4
DA:96,0
DA:97,0
DA:104,2
DA:105,3
DA:106,3
DA:108,3
DA:109,1
DA:115,2
DA:120,0
DA:121,0
DA:128,2
DA:129,1
DA:130,0
DA:131,0
DA:137,0
DA:144,2
DA:145,3
DA:146,3
DA:148,3
DA:149,1
DA:155,2
DA:161,0
DA:162,0
DA:169,2
DA:170,7
DA:171,7
DA:173,7
DA:174,2
DA:180,5
DA:181,1
DA:187,4
DA:188,4
DA:189,2
DA:195,2
DA:203,2
DA:205,2
DA:207,2
DA:220,0
DA:221,0
DA:228,2
DA:229,17
DA:230,17
DA:232,17
DA:233,2
DA:239,15
DA:241,12
DA:242,12
DA:244,12
DA:246,12
DA:261,3
DA:262,3
LF:85
LH:62
BRDA:22,0,0,0
BRDA:22,0,1,0
BRDA:49,1,0,1
BRDA:49,1,1,2
BRDA:84,2,0,1
BRDA:84,2,1,4
BRDA:108,3,0,1
BRDA:108,3,1,2
BRDA:130,4,0,0
BRDA:130,4,1,0
BRDA:148,5,0,1
BRDA:148,5,1,2
BRDA:173,6,0,2
BRDA:173,6,1,5
BRDA:173,7,0,7
BRDA:173,7,1,6
BRDA:173,7,2,5
BRDA:180,8,0,1
BRDA:180,8,1,4
BRDA:188,9,0,2
BRDA:188,9,1,2
BRDA:232,10,0,2
BRDA:232,10,1,15
BRDA:232,11,0,17
BRDA:232,11,1,17
BRDA:264,12,0,3
BRDA:264,12,1,0
BRF:27
BRH:22
end_of_record
TN:
SF:server/controllers/domain.controller.js
FN:3,(anonymous_0)
FNF:1
FNH:0
FNDA:0,(anonymous_0)
DA:3,0
DA:4,0
DA:5,0
DA:6,0
DA:8,0
DA:9,0
DA:10,0
DA:13,0
DA:20,0
DA:21,0
DA:23,0
DA:24,0
LF:12
LH:0
BRDA:6,0,0,0
BRDA:6,0,1,0
BRDA:8,1,0,0
BRDA:8,1,1,0
BRDA:8,2,0,0
BRDA:8,2,1,0
BRDA:8,2,2,0
BRF:7
BRH:0
end_of_record
TN:
SF:server/controllers/reminder.controller.js
FN:4,(anonymous_0)
FN:25,(anonymous_1)
FN:98,(anonymous_2)
FN:114,(anonymous_3)
FN:138,(anonymous_4)
FN:167,(anonymous_5)
FN:202,(anonymous_6)
FN:234,(anonymous_7)
FN:274,(anonymous_8)
FN:307,(anonymous_9)
FN:318,(anonymous_10)
FN:319,(anonymous_11)
FN:347,(anonymous_12)
FN:362,(anonymous_13)
FN:407,(anonymous_14)
FN:469,(anonymous_15)
FN:490,(anonymous_16)
FNF:17
FNH:0
FNDA:0,(anonymous_0)
FNDA:0,(anonymous_1)
FNDA:0,(anonymous_2)
FNDA:0,(anonymous_3)
FNDA:0,(anonymous_4)
FNDA:0,(anonymous_5)
FNDA:0,(anonymous_6)
FNDA:0,(anonymous_7)
FNDA:0,(anonymous_8)
FNDA:0,(anonymous_9)
FNDA:0,(anonymous_10)
FNDA:0,(anonymous_11)
FNDA:0,(anonymous_12)
FNDA:0,(anonymous_13)
FNDA:0,(anonymous_14)
FNDA:0,(anonymous_15)
FNDA:0,(anonymous_16)
DA:4,0
DA:5,0
DA:6,0
DA:7,0
DA:9,0
DA:15,0
DA:16,0
DA:25,0
DA:26,0
DA:27,0
DA:42,0
DA:45,0
DA:46,0
DA:53,0
DA:54,0
DA:60,0
DA:80,0
DA:82,0
DA:88,0
DA:89,0
DA:98,0
DA:99,0
DA:100,0
DA:101,0
DA:102,0
DA:104,0
DA:106,0
DA:107,0
DA:114,0
DA:115,0
DA:116,0
DA:120,0
DA:122,0
DA:128,0
DA:129,0
DA:138,0
DA:139,0
DA:140,0
DA:141,0
DA:143,0
DA:145,0
DA:146,0
DA:152,0
DA:157,0
DA:158,0
DA:167,0
DA:168,0
DA:169,0
DA:170,0
DA:172,0
DA:174,0
DA:175,0
DA:181,0
DA:182,0
DA:184,0
DA:192,0
DA:193,0
DA:202,0
DA:203,0
DA:204,0
DA:205,0
DA:207,0
DA:209,0
DA:210,0
DA:216,0
DA:218,0
DA:224,0
DA:225,0
DA:234,0
DA:235,0
DA:236,0
DA:237,0
DA:238,0
DA:240,0
DA:242,0
DA:243,0
DA:249,0
DA:250,0
DA:256,0
DA:258,0
DA:264,0
DA:265,0
DA:274,0
DA:275,0
DA:276,0
DA:277,0
DA:278,0
DA:280,0
DA:282,0
DA:283,0
DA:289,0
DA:291,0
DA:297,0
DA:298,0
DA:307,0
DA:308,0
DA:309,0
DA:311,0
DA:317,0
DA:318,0
DA:319,0
DA:320,0
DA:331,0
DA:337,0
DA:338,0
DA:347,0
DA:348,0
DA:349,0
DA:350,0
DA:352,0
DA:358,0
DA:359,0
DA:361,0
DA:362,0
DA:363,0
DA:364,0
DA:367,0
DA:373,0
DA:375,0
DA:376,0
DA:377,0
DA:378,0
DA:386,0
DA:391,0
DA:397,0
DA:398,0
DA:407,0
DA:408,0
DA:409,0
DA:410,0
DA:412,0
DA:413,0
DA:420,0
DA:426,0
DA:428,0
DA:442,0
DA:446,0
DA:448,0
DA:459,0
DA:460,0
DA:469,0
DA:470,0
DA:471,0
DA:472,0
DA:474,0
DA:475,0
DA:482,0
DA:488,0
DA:489,0
DA:490,0
DA:491,0
DA:492,0
DA:495,0
DA:501,0
DA:502,0
DA:503,0
DA:504,0
DA:508,0
DA:509,0
DA:515,0
DA:521,0
DA:522,0
LF:162
LH:0
BRDA:34,0,0,0
BRDA:35,1,0,0
BRDA:36,2,0,0
BRDA:37,3,0,0
BRDA:38,4,0,0
BRDA:39,5,0,0
BRDA:40,6,0,0
BRDA:41,7,0,0
BRDA:45,8,0,0
BRDA:45,8,1,0
BRDA:45,9,0,0
BRDA:45,9,1,0
BRDA:45,9,2,0
BRDA:45,9,3,0
BRDA:53,10,0,0
BRDA:53,10,1,0
BRDA:53,11,0,0
BRDA:53,11,1,0
BRDA:53,11,2,0
BRDA:63,12,0,0
BRDA:63,12,1,0
BRDA:67,13,0,0
BRDA:67,13,1,0
BRDA:68,14,0,0
BRDA:68,14,1,0
BRDA:69,15,0,0
BRDA:69,15,1,0
BRDA:71,16,0,0
BRDA:71,16,1,0
BRDA:72,17,0,0
BRDA:72,17,1,0
BRDA:73,18,0,0
BRDA:73,18,1,0
BRDA:74,19,0,0
BRDA:74,19,1,0
BRDA:106,20,0,0
BRDA:106,20,1,0
BRDA:115,21,0,0
BRDA:115,21,1,0
BRDA:145,22,0,0
BRDA:145,22,1,0
BRDA:174,23,0,0
BRDA:174,23,1,0
BRDA:186,24,0,0
BRDA:186,24,1,0
BRDA:209,25,0,0
BRDA:209,25,1,0
BRDA:242,26,0,0
BRDA:242,26,1,0
BRDA:249,27,0,0
BRDA:249,27,1,0
BRDA:282,28,0,0
BRDA:282,28,1,0
BRDA:326,29,0,0
BRDA:326,29,1,0
BRDA:368,30,0,0
BRDA:368,30,1,0
BRDA:373,31,0,0
BRDA:373,31,1,0
BRDA:375,32,0,0
BRDA:375,32,1,0
BRDA:376,33,0,0
BRDA:376,33,1,0
BRDA:409,34,0,0
BRDA:412,35,0,0
BRDA:412,35,1,0
BRDA:412,36,0,0
BRDA:412,36,1,0
BRDA:426,37,0,0
BRDA:426,37,1,0
BRDA:474,38,0,0
BRDA:474,38,1,0
BRDA:496,39,0,0
BRDA:496,39,1,0
BRDA:501,40,0,0
BRDA:501,40,1,0
BRDA:508,41,0,0
BRDA:508,41,1,0
BRF:78
BRH:0
end_of_record
TN:
SF:server/controllers/track.controller.js
FN:12,(anonymous_0)
FN:31,(anonymous_1)
FNF:2
FNH:0
FNDA:0,(anonymous_0)
FNDA:0,(anonymous_1)
DA:3,0
DA:10,0
DA:12,0
DA:13,0
DA:14,0
DA:16,0
DA:17,0
DA:20,0
DA:22,0
DA:23,0
DA:25,0
DA:27,0
DA:31,0
DA:32,0
DA:33,0
DA:34,0
DA:36,0
LF:17
LH:0
BRDA:16,0,0,0
BRDA:16,0,1,0
BRDA:16,1,0,0
BRDA:16,1,1,0
BRDA:16,1,2,0
BRF:5
BRH:0
end_of_record
TN:
SF:server/controllers/tracking.controller.js
FN:3,(anonymous_0)
FNF:1
FNH:0
FNDA:0,(anonymous_0)
DA:3,0
DA:4,0
DA:5,0
DA:7,0
DA:8,0
DA:14,0
DA:20,0
DA:22,0
DA:28,0
DA:29,0
LF:10
LH:0
BRDA:7,0,0,0
BRDA:7,0,1,0
BRF:2
BRH:0
end_of_record
TN:
SF:server/controllers/user.controller.js
FN:5,(anonymous_0)
FN:33,(anonymous_1)
FN:59,(anonymous_2)
FN:83,(anonymous_3)
FNF:4
FNH:0
FNDA:0,(anonymous_0)
FNDA:0,(anonymous_1)
FNDA:0,(anonymous_2)
FNDA:0,(anonymous_3)
DA:5,0
DA:6,0
DA:8,0
DA:9,0
DA:14,0
DA:15,0
DA:16,0
DA:17,0
DA:22,0
DA:23,0
DA:25,0
DA:27,0
DA:28,0
DA:33,0
DA:34,0
DA:35,0
DA:37,0
DA:38,0
DA:41,0
DA:42,0
DA:47,0
DA:48,0
DA:51,0
DA:53,0
DA:54,0
DA:59,0
DA:60,0
DA:62,0
DA:63,0
DA:66,0
DA:67,0
DA:69,0
DA:70,0
DA:73,0
DA:77,0
DA:78,0
DA:83,0
DA:84,0
DA:86,0
DA:87,0
DA:90,0
LF:41
LH:0
BRDA:8,0,0,0
BRDA:8,0,1,0
BRDA:8,1,0,0
BRDA:8,1,1,0
BRDA:8,1,2,0
BRDA:16,2,0,0
BRDA:16,2,1,0
BRDA:37,3,0,0
BRDA:37,3,1,0
BRDA:47,4,0,0
BRDA:47,4,1,0
BRDA:62,5,0,0
BRDA:62,5,1,0
BRDA:69,6,0,0
BRDA:69,6,1,0
BRDA:86,7,0,0
BRDA:86,7,1,0
BRF:17
BRH:0
end_of_record
TN:
SF:server/middleware/auth.js
FN:5,(anonymous_0)
FN:23,(anonymous_1)
FN:42,(anonymous_2)
FNF:3
FNH:1
FNDA:28,(anonymous_0)
FNDA:0,(anonymous_1)
FNDA:0,(anonymous_2)
DA:3,2
DA:5,2
DA:6,28
DA:7,28
DA:8,11
DA:11,17
DA:13,17
DA:14,17
DA:15,16
DA:16,16
DA:18,1
DA:19,1
DA:23,2
DA:24,0
DA:26,0
DA:27,0
DA:30,0
DA:32,0
DA:33,0
DA:34,0
DA:35,0
DA:37,0
DA:38,0
DA:42,2
DA:43,0
DA:44,0
DA:46,0
LF:27
LH:14
BRDA:7,0,0,11
BRDA:7,0,1,17
BRDA:26,1,0,0
BRDA:26,1,1,0
BRDA:43,2,0,0
BRDA:43,2,1,0
BRF:6
BRH:2
end_of_record
TN:
SF:server/middleware/auth.middleware.js
FN:3,(anonymous_0)
FNF:1
FNH:0
FNDA:0,(anonymous_0)
DA:3,0
DA:4,0
DA:5,0
DA:6,0
DA:9,0
DA:11,0
DA:12,0
DA:13,0
DA:14,0
DA:16,0
LF:10
LH:0
BRDA:4,0,0,0
BRDA:4,0,1,0
BRDA:5,1,0,0
BRDA:5,1,1,0
BRDA:5,2,0,0
BRDA:5,2,1,0
BRF:6
BRH:0
end_of_record
TN:
SF:server/models/activity.model.js
FNF:0
FNH:0
DA:3,2
DA:88,2
DA:89,2
DA:90,2
DA:91,2
DA:92,2
DA:93,2
DA:95,2
LF:8
LH:8
BRF:0
BRH:0
end_of_record
TN:
SF:server/models/category.model.js
FN:31,(anonymous_0)
FNF:1
FNH:0
FNDA:0,(anonymous_0)
DA:3,1
DA:31,1
DA:32,0
DA:119,0
DA:120,0
DA:128,1
LF:6
LH:3
BRF:0
BRH:0
end_of_record
TN:
SF:server/models/domainActivity.model.js
FN:12,(anonymous_0)
FNF:1
FNH:0
FNDA:0,(anonymous_0)
DA:3,0
DA:12,0
DA:13,0
DA:14,0
DA:16,0
DA:19,0
LF:6
LH:0
BRDA:13,0,0,0
BRDA:13,0,1,0
BRDA:13,1,0,0
BRDA:13,1,1,0
BRF:4
BRH:0
end_of_record
TN:
SF:server/models/reminder.model.js
FN:111,(anonymous_0)
FN:124,(anonymous_1)
FN:129,(anonymous_2)
FN:163,(anonymous_3)
FN:179,(anonymous_4)
FN:181,(anonymous_5)
FN:188,(anonymous_6)
FN:193,(anonymous_7)
FNF:8
FNH:0
FNDA:0,(anonymous_0)
FNDA:0,(anonymous_1)
FNDA:0,(anonymous_2)
FNDA:0,(anonymous_3)
FNDA:0,(anonymous_4)
FNDA:0,(anonymous_5)
FNDA:0,(anonymous_6)
FNDA:0,(anonymous_7)
DA:3,0
DA:111,0
DA:112,0
DA:116,0
DA:117,0
DA:120,0
DA:124,0
DA:125,0
DA:129,0
DA:130,0
DA:133,0
DA:134,0
DA:136,0
DA:138,0
DA:139,0
DA:141,0
DA:142,0
DA:144,0
DA:149,0
DA:152,0
DA:153,0
DA:156,0
DA:159,0
DA:163,0
DA:164,0
DA:165,0
DA:171,0
DA:172,0
DA:173,0
DA:175,0
DA:179,0
DA:180,0
DA:181,0
DA:183,0
DA:184,0
DA:188,0
DA:189,0
DA:193,0
DA:194,0
DA:199,0
DA:200,0
DA:203,0
DA:206,0
LF:43
LH:0
BRDA:116,0,0,0
BRDA:116,0,1,0
BRDA:116,1,0,0
BRDA:116,1,1,0
BRDA:125,2,0,0
BRDA:125,2,1,0
BRDA:125,2,2,0
BRDA:133,3,0,0
BRDA:133,3,1,0
BRDA:136,4,0,0
BRDA:136,4,1,0
BRDA:136,4,2,0
BRDA:152,5,0,0
BRDA:152,5,1,0
BRDA:163,6,0,0
BRDA:164,7,0,0
BRDA:164,7,1,0
BRDA:168,8,0,0
BRDA:168,8,1,0
BRDA:193,9,0,0
BRDA:199,10,0,0
BRDA:199,10,1,0
BRF:22
BRH:0
end_of_record
TN:
SF:server/models/tracking.model.js
FNF:0
FNH:0
DA:3,0
DA:10,0
LF:2
LH:0
BRF:0
BRH:0
end_of_record
TN:
SF:server/models/user.model.js
FN:29,(anonymous_0)
FN:40,(anonymous_1)
FN:50,(anonymous_2)
FN:64,(anonymous_3)
FN:69,(anonymous_4)
FNF:5
FNH:5
FNDA:106,(anonymous_0)
FNDA:91,(anonymous_1)
FNDA:101,(anonymous_2)
FNDA:19,(anonymous_3)
FNDA:19,(anonymous_4)
DA:4,5
DA:30,106
DA:41,91
DA:50,5
DA:51,101
DA:53,84
DA:55,84
DA:56,84
DA:57,84
DA:58,84
DA:60,0
DA:64,5
DA:65,19
DA:66,18
DA:69,5
DA:70,19
DA:72,19
DA:73,3
DA:76,16
DA:78,16
DA:79,3
DA:82,13
DA:85,5
LF:23
LH:22
BRDA:51,0,0,17
BRDA:51,0,1,84
BRDA:53,1,0,0
BRDA:53,1,1,84
BRDA:65,2,0,1
BRDA:65,2,1,18
BRDA:72,3,0,3
BRDA:72,3,1,16
BRDA:78,4,0,3
BRDA:78,4,1,13
BRF:10
BRH:9
end_of_record
TN:
SF:server/routes/activity.route.js
FN:25,(anonymous_0)
FN:48,(anonymous_1)
FN:53,(anonymous_2)
FN:79,(anonymous_3)
FN:95,(anonymous_4)
FN:116,(anonymous_5)
FN:140,(anonymous_6)
FN:170,(anonymous_7)
FN:195,(anonymous_8)
FN:204,(anonymous_9)
FN:206,(anonymous_10)
FN:227,getCategoryColor
FN:242,formatDuration
FNF:13
FNH:2
FNDA:2,(anonymous_0)
FNDA:1,(anonymous_1)
FNDA:0,(anonymous_2)
FNDA:0,(anonymous_3)
FNDA:0,(anonymous_4)
FNDA:0,(anonymous_5)
FNDA:0,(anonymous_6)
FNDA:0,(anonymous_7)
FNDA:0,(anonymous_8)
FNDA:0,(anonymous_9)
FNDA:0,(anonymous_10)
FNDA:0,getCategoryColor
FNDA:0,formatDuration
DA:13,1
DA:15,1
DA:16,1
DA:17,1
DA:20,1
DA:21,1
DA:22,1
DA:23,1
DA:25,1
DA:26,2
DA:27,2
DA:35,2
DA:40,0
DA:41,0
DA:48,1
DA:49,1
DA:53,1
DA:54,0
DA:55,0
DA:56,0
DA:63,0
DA:64,0
DA:65,0
DA:72,0
DA:77,0
DA:79,0
DA:80,0
DA:82,0
DA:83,0
DA:88,0
DA:93,0
DA:95,0
DA:101,0
DA:106,0
DA:107,0
DA:116,1
DA:117,0
DA:118,0
DA:119,0
DA:125,0
DA:126,0
DA:127,0
DA:133,0
DA:138,0
DA:140,0
DA:141,0
DA:142,0
DA:143,0
DA:147,0
DA:148,0
DA:149,0
DA:155,0
DA:160,0
DA:161,0
DA:170,1
DA:171,0
DA:172,0
DA:173,0
DA:179,0
DA:180,0
DA:181,0
DA:187,0
DA:192,0
DA:193,0
DA:195,0
DA:196,0
DA:197,0
DA:198,0
DA:199,0
DA:203,0
DA:204,0
DA:206,0
DA:212,0
DA:217,0
DA:218,0
DA:228,0
DA:238,0
DA:243,0
DA:244,0
DA:245,0
DA:246,0
LF:81
LH:17
BRDA:55,0,0,0
BRDA:55,0,1,0
BRDA:64,1,0,0
BRDA:64,1,1,0
BRDA:82,2,0,0
BRDA:82,2,1,0
BRDA:118,3,0,0
BRDA:118,3,1,0
BRDA:126,4,0,0
BRDA:126,4,1,0
BRDA:142,5,0,0
BRDA:142,5,1,0
BRDA:151,6,0,0
BRDA:151,6,1,0
BRDA:172,7,0,0
BRDA:172,7,1,0
BRDA:180,8,0,0
BRDA:180,8,1,0
BRDA:197,9,0,0
BRDA:197,9,1,0
BRDA:238,10,0,0
BRDA:238,10,1,0
BRDA:246,11,0,0
BRDA:246,11,1,0
BRF:24
BRH:0
end_of_record
TN:
SF:server/routes/auth.route.js
FNF:0
FNH:0
DA:16,1
DA:18,1
DA:19,1
DA:21,1
DA:28,1
DA:36,1
DA:38,1
DA:39,1
DA:40,1
DA:41,1
DA:43,1
LF:11
LH:11
BRF:0
BRH:0
end_of_record
TN:
SF:server/routes/domain.route.js
FN:9,(anonymous_0)
FNF:1
FNH:0
FNDA:0,(anonymous_0)
DA:6,0
DA:9,0
DA:20,0
DA:22,0
DA:23,0
DA:26,0
DA:27,0
DA:31,0
DA:32,0
DA:34,0
DA:35,0
DA:38,0
DA:40,0
DA:41,0
DA:56,0
DA:58,0
DA:59,0
LF:17
LH:0
BRDA:12,0,0,0
BRDA:13,1,0,0
BRDA:18,2,0,0
BRDA:19,3,0,0
BRDA:22,4,0,0
BRDA:22,4,1,0
BRDA:22,5,0,0
BRDA:22,5,1,0
BRDA:26,6,0,0
BRDA:26,6,1,0
BRDA:46,7,0,0
BRDA:46,7,1,0
BRDA:47,8,0,0
BRDA:47,8,1,0
BRF:14
BRH:0
end_of_record
TN:
SF:server/routes/health.route.js
FN:6,(anonymous_0)
FN:25,(anonymous_1)
FNF:2
FNH:0
FNDA:0,(anonymous_0)
FNDA:0,(anonymous_1)
DA:4,0
DA:6,0
DA:7,0
DA:20,0
DA:21,0
DA:25,0
DA:26,0
DA:47,0
DA:48,0
LF:9
LH:0
BRDA:9,0,0,0
BRDA:9,0,1,0
BRDA:15,1,0,0
BRDA:15,1,1,0
BRDA:20,2,0,0
BRDA:20,2,1,0
BRDA:31,3,0,0
BRDA:31,3,1,0
BRDA:40,4,0,0
BRDA:40,4,1,0
BRDA:47,5,0,0
BRDA:47,5,1,0
BRF:12
BRH:0
end_of_record
TN:
SF:server/routes/reminder.route.js
FNF:0
FNH:0
DA:18,0
DA:21,0
DA:24,0
DA:25,0
DA:26,0
DA:27,0
DA:30,0
DA:31,0
DA:34,0
DA:35,0
DA:36,0
DA:37,0
DA:40,0
DA:41,0
LF:14
LH:0
BRF:0
BRH:0
end_of_record
TN:
SF:server/routes/track.route.js
FNF:0
FNH:0
DA:4,0
DA:6,0
LF:2
LH:0
BRF:0
BRH:0
end_of_record
TN:
SF:server/routes/tracking.route.js
FNF:0
FNH:0
DA:4,0
DA:6,0
LF:2
LH:0
BRF:0
BRH:0
end_of_record
TN:
SF:server/routes/user.route.js
FN:21,(anonymous_0)
FNF:1
FNH:0
FNDA:0,(anonymous_0)
DA:11,0
DA:13,0
DA:14,0
DA:15,0
DA:18,0
DA:21,0
DA:22,0
DA:23,0
DA:25,0
DA:26,0
DA:29,0
DA:31,0
DA:41,0
DA:42,0
LF:14
LH:0
BRDA:25,0,0,0
BRDA:25,0,1,0
BRDA:25,1,0,0
BRDA:25,1,1,0
BRDA:25,1,2,0
BRF:5
BRH:0
end_of_record
TN:
SF:server/services/geminiService.js
FN:5,(anonymous_0)
FN:11,(anonymous_1)
FN:23,(anonymous_2)
FN:92,(anonymous_3)
FN:93,(anonymous_4)
FN:113,(anonymous_5)
FN:204,(anonymous_6)
FN:249,(anonymous_7)
FN:262,(anonymous_8)
FNF:9
FNH:4
FNDA:1,(anonymous_0)
FNDA:4,(anonymous_1)
FNDA:0,(anonymous_2)
FNDA:0,(anonymous_3)
FNDA:0,(anonymous_4)
FNDA:4,(anonymous_5)
FNDA:32,(anonymous_6)
FNDA:0,(anonymous_7)
FNDA:0,(anonymous_8)
DA:6,1
DA:7,1
DA:8,1
DA:12,4
DA:13,4
DA:14,4
DA:15,4
DA:17,4
DA:18,0
DA:21,4
DA:22,4
DA:23,0
DA:26,4
DA:60,4
DA:61,0
DA:62,0
DA:65,0
DA:66,0
DA:67,0
DA:68,0
DA:70,0
DA:73,0
DA:74,0
DA:77,0
DA:78,0
DA:79,0
DA:82,0
DA:86,0
DA:90,0
DA:92,0
DA:93,0
DA:96,0
DA:98,0
DA:99,0
DA:100,0
DA:101,0
DA:102,0
DA:106,0
DA:108,4
DA:109,4
DA:114,4
DA:115,4
DA:117,4
DA:203,4
DA:204,32
DA:205,4
DA:217,0
DA:218,0
DA:219,0
DA:227,0
DA:228,0
DA:239,0
DA:250,0
DA:252,0
DA:253,0
DA:254,0
DA:259,0
DA:262,0
DA:264,0
DA:265,0
DA:272,0
LF:61
LH:20
BRDA:13,0,0,4
BRDA:13,0,1,0
BRDA:14,1,0,4
BRDA:14,1,1,0
BRDA:17,2,0,0
BRDA:17,2,1,4
BRDA:47,3,0,4
BRDA:47,3,1,0
BRDA:67,4,0,0
BRDA:67,4,1,0
BRDA:78,5,0,0
BRDA:78,5,1,0
BRDA:84,6,0,0
BRDA:84,6,1,0
BRDA:88,7,0,0
BRDA:88,7,1,0
BRDA:90,8,0,0
BRDA:90,8,1,0
BRDA:93,9,0,0
BRDA:93,9,1,0
BRDA:98,10,0,0
BRDA:98,10,1,0
BRDA:100,11,0,0
BRDA:100,11,1,0
BRDA:113,12,0,0
BRDA:204,13,0,4
BRDA:204,13,1,3
BRDA:209,14,0,4
BRDA:209,14,1,0
BRDA:217,15,0,0
BRDA:217,15,1,0
BRDA:218,16,0,0
BRDA:218,16,1,0
BRDA:227,17,0,0
BRDA:227,17,1,0
BRF:35
BRH:7
end_of_record
TN:
SF:server/utils/category.util.js
FN:8,categorizeDomain
FN:10,(anonymous_1)
FNF:2
FNH:0
FNDA:0,categorizeDomain
FNDA:0,(anonymous_1)
DA:1,0
DA:9,0
DA:10,0
DA:11,0
DA:14,0
LF:5
LH:0
BRDA:10,0,0,0
BRDA:10,0,1,0
BRF:2
BRH:0
end_of_record
TN:
SF:server/utils/dataCleanup.js
FN:3,(anonymous_0)
FNF:1
FNH:0
FNDA:0,(anonymous_0)
DA:3,0
DA:4,0
DA:5,0
DA:7,0
DA:8,0
DA:9,0
DA:13,0
LF:7
LH:0
BRF:0
BRH:0
end_of_record
TN:
SF:server/utils/extractDomain.js
FN:1,extractDomain
FNF:1
FNH:1
FNDA:2,extractDomain
DA:2,2
DA:3,2
DA:4,2
DA:6,0
DA:7,0
LF:5
LH:3
BRF:0
BRH:0
end_of_record
TN:
SF:server/utils/initDatabase.js
FN:7,(anonymous_0)
FNF:1
FNH:0
FNDA:0,(anonymous_0)
DA:5,0
DA:7,0
DA:8,0
DA:9,0
DA:10,0
DA:11,0
DA:13,0
DA:14,0
DA:15,0
DA:17,0
DA:19,0
DA:21,0
DA:22,0
DA:27,0
DA:28,0
LF:15
LH:0
BRDA:27,0,0,0
BRDA:27,0,1,0
BRF:2
BRH:0
end_of_record
